[14-Oct-2015 19:15:54 UTC] PHP Warning:  require_once(controller/MaterController.php): failed to open stream: No such file or directory in /home/ubuntu/workspace/project/index.php on line 3
[14-Oct-2015 19:15:54 UTC] PHP Stack trace:
[14-Oct-2015 19:15:54 UTC] PHP   1. {main}() /home/ubuntu/workspace/project/index.php:0
[14-Oct-2015 19:15:54 UTC] PHP Fatal error:  require_once(): Failed opening required 'controller/MaterController.php' (include_path='.:/usr/share/php:/usr/share/pear') in /home/ubuntu/workspace/project/index.php on line 3
[14-Oct-2015 19:15:54 UTC] PHP Stack trace:
[14-Oct-2015 19:15:54 UTC] PHP   1. {main}() /home/ubuntu/workspace/project/index.php:0
[14-Oct-2015 19:16:00 UTC] PHP Fatal error:  Class 'controller\MasterController' not found in /home/ubuntu/workspace/project/index.php on line 8
[14-Oct-2015 19:16:00 UTC] PHP Stack trace:
[14-Oct-2015 19:16:00 UTC] PHP   1. {main}() /home/ubuntu/workspace/project/index.php:0
[14-Oct-2015 19:16:52 UTC] PHP Fatal error:  Class 'controller\MasterController' not found in /home/ubuntu/workspace/project/index.php on line 8
[14-Oct-2015 19:16:52 UTC] PHP Stack trace:
[14-Oct-2015 19:16:52 UTC] PHP   1. {main}() /home/ubuntu/workspace/project/index.php:0
[14-Oct-2015 19:16:55 UTC] PHP Fatal error:  Class 'controller\MasterController' not found in /home/ubuntu/workspace/project/index.php on line 8
[14-Oct-2015 19:16:55 UTC] PHP Stack trace:
[14-Oct-2015 19:16:55 UTC] PHP   1. {main}() /home/ubuntu/workspace/project/index.php:0
[14-Oct-2015 19:17:03 UTC] PHP Fatal error:  Class 'controller\MasterController' not found in /home/ubuntu/workspace/project/index.php on line 8
[14-Oct-2015 19:17:03 UTC] PHP Stack trace:
[14-Oct-2015 19:17:03 UTC] PHP   1. {main}() /home/ubuntu/workspace/project/index.php:0
[14-Oct-2015 19:17:10 UTC] PHP Fatal error:  Class 'MasterController' not found in /home/ubuntu/workspace/project/index.php on line 8
[14-Oct-2015 19:17:10 UTC] PHP Stack trace:
[14-Oct-2015 19:17:10 UTC] PHP   1. {main}() /home/ubuntu/workspace/project/index.php:0
[14-Oct-2015 19:17:24 UTC] PHP Fatal error:  Class 'MasterController' not found in /home/ubuntu/workspace/project/index.php on line 8
[14-Oct-2015 19:17:24 UTC] PHP Stack trace:
[14-Oct-2015 19:17:24 UTC] PHP   1. {main}() /home/ubuntu/workspace/project/index.php:0
[14-Oct-2015 19:17:25 UTC] PHP Fatal error:  Class 'MasterController' not found in /home/ubuntu/workspace/project/index.php on line 8
[14-Oct-2015 19:17:25 UTC] PHP Stack trace:
[14-Oct-2015 19:17:25 UTC] PHP   1. {main}() /home/ubuntu/workspace/project/index.php:0
[14-Oct-2015 19:18:01 UTC] PHP Fatal error:  Class 'controller\MasterController' not found in /home/ubuntu/workspace/project/index.php on line 8
[14-Oct-2015 19:18:01 UTC] PHP Stack trace:
[14-Oct-2015 19:18:01 UTC] PHP   1. {main}() /home/ubuntu/workspace/project/index.php:0
[14-Oct-2015 20:03:38 UTC] PHP Fatal error:  Class 'view\MainView' not found in /home/ubuntu/workspace/project/controller/MasterController.php on line 15
[14-Oct-2015 20:03:38 UTC] PHP Stack trace:
[14-Oct-2015 20:03:38 UTC] PHP   1. {main}() /home/ubuntu/workspace/project/index.php:0
[14-Oct-2015 20:03:38 UTC] PHP   2. controller\MasterController->run() /home/ubuntu/workspace/project/index.php:9
[14-Oct-2015 20:04:02 UTC] PHP Fatal error:  Call to undefined method view\MainView::renderPage() in /home/ubuntu/workspace/project/controller/MasterController.php on line 17
[14-Oct-2015 20:04:02 UTC] PHP Stack trace:
[14-Oct-2015 20:04:02 UTC] PHP   1. {main}() /home/ubuntu/workspace/project/index.php:0
[14-Oct-2015 20:04:02 UTC] PHP   2. controller\MasterController->run() /home/ubuntu/workspace/project/index.php:9
[14-Oct-2015 20:05:37 UTC] PHP Fatal error:  Call to undefined method view\MainView::renderContent() in /home/ubuntu/workspace/project/view/MainView.php on line 8
[14-Oct-2015 20:05:37 UTC] PHP Stack trace:
[14-Oct-2015 20:05:37 UTC] PHP   1. {main}() /home/ubuntu/workspace/project/index.php:0
[14-Oct-2015 20:05:37 UTC] PHP   2. controller\MasterController->run() /home/ubuntu/workspace/project/index.php:9
[14-Oct-2015 20:05:37 UTC] PHP   3. view\MainView->renderPage() /home/ubuntu/workspace/project/controller/MasterController.php:17
[14-Oct-2015 20:30:13 UTC] PHP Warning:  Missing argument 1 for model\Playlist::__construct(), called in /home/ubuntu/workspace/project/controller/MasterController.php on line 16 and defined in /home/ubuntu/workspace/project/model/Playlist.php on line 8
[14-Oct-2015 20:30:13 UTC] PHP Stack trace:
[14-Oct-2015 20:30:13 UTC] PHP   1. {main}() /home/ubuntu/workspace/project/index.php:0
[14-Oct-2015 20:30:13 UTC] PHP   2. controller\MasterController->run() /home/ubuntu/workspace/project/index.php:9
[14-Oct-2015 20:30:13 UTC] PHP   3. model\Playlist->__construct() /home/ubuntu/workspace/project/controller/MasterController.php:16
[14-Oct-2015 20:30:13 UTC] PHP Notice:  Undefined variable: title in /home/ubuntu/workspace/project/model/Playlist.php on line 9
[14-Oct-2015 20:30:13 UTC] PHP Stack trace:
[14-Oct-2015 20:30:13 UTC] PHP   1. {main}() /home/ubuntu/workspace/project/index.php:0
[14-Oct-2015 20:30:13 UTC] PHP   2. controller\MasterController->run() /home/ubuntu/workspace/project/index.php:9
[14-Oct-2015 20:30:13 UTC] PHP   3. model\Playlist->__construct() /home/ubuntu/workspace/project/controller/MasterController.php:16
[15-Oct-2015 10:13:11 UTC] PHP Warning:  require_once(view/MainView.php): failed to open stream: No such file or directory in /home/ubuntu/workspace/project/controller/MasterController.php on line 6
[15-Oct-2015 10:13:11 UTC] PHP Stack trace:
[15-Oct-2015 10:13:11 UTC] PHP   1. {main}() /home/ubuntu/workspace/project/index.php:0
[15-Oct-2015 10:13:11 UTC] PHP   2. require_once() /home/ubuntu/workspace/project/index.php:3
[15-Oct-2015 10:13:11 UTC] PHP Fatal error:  require_once(): Failed opening required 'view/MainView.php' (include_path='.:/usr/share/php:/usr/share/pear') in /home/ubuntu/workspace/project/controller/MasterController.php on line 6
[15-Oct-2015 10:13:11 UTC] PHP Stack trace:
[15-Oct-2015 10:13:11 UTC] PHP   1. {main}() /home/ubuntu/workspace/project/index.php:0
[15-Oct-2015 10:13:11 UTC] PHP   2. require_once() /home/ubuntu/workspace/project/index.php:3
[15-Oct-2015 11:27:33 UTC] PHP Fatal error:  Multiple access type modifiers are not allowed in /home/ubuntu/workspace/project/model/Playlist.php on line 10
[15-Oct-2015 11:27:33 UTC] PHP Stack trace:
[15-Oct-2015 11:27:33 UTC] PHP   1. {main}() /home/ubuntu/workspace/project/index.php:0
[15-Oct-2015 11:27:33 UTC] PHP   2. require_once() /home/ubuntu/workspace/project/index.php:3
[15-Oct-2015 11:27:50 UTC] PHP Fatal error:  Class 'view\PlaylistView' not found in /home/ubuntu/workspace/project/controller/MasterController.php on line 22
[15-Oct-2015 11:27:50 UTC] PHP Stack trace:
[15-Oct-2015 11:27:50 UTC] PHP   1. {main}() /home/ubuntu/workspace/project/index.php:0
[15-Oct-2015 11:27:50 UTC] PHP   2. controller\MasterController->run() /home/ubuntu/workspace/project/index.php:9
[15-Oct-2015 11:28:19 UTC] PHP Fatal error:  Class 'view\PlaylistView' not found in /home/ubuntu/workspace/project/controller/MasterController.php on line 23
[15-Oct-2015 11:28:19 UTC] PHP Stack trace:
[15-Oct-2015 11:28:19 UTC] PHP   1. {main}() /home/ubuntu/workspace/project/index.php:0
[15-Oct-2015 11:28:19 UTC] PHP   2. controller\MasterController->run() /home/ubuntu/workspace/project/index.php:9
[15-Oct-2015 11:28:20 UTC] PHP Fatal error:  Class 'view\PlaylistView' not found in /home/ubuntu/workspace/project/controller/MasterController.php on line 23
[15-Oct-2015 11:28:20 UTC] PHP Stack trace:
[15-Oct-2015 11:28:20 UTC] PHP   1. {main}() /home/ubuntu/workspace/project/index.php:0
[15-Oct-2015 11:28:20 UTC] PHP   2. controller\MasterController->run() /home/ubuntu/workspace/project/index.php:9
[15-Oct-2015 11:28:31 UTC] PHP Fatal error:  Class 'view\AddPlaylistView' not found in /home/ubuntu/workspace/project/controller/MasterController.php on line 23
[15-Oct-2015 11:28:31 UTC] PHP Stack trace:
[15-Oct-2015 11:28:31 UTC] PHP   1. {main}() /home/ubuntu/workspace/project/index.php:0
[15-Oct-2015 11:28:31 UTC] PHP   2. controller\MasterController->run() /home/ubuntu/workspace/project/index.php:9
[15-Oct-2015 11:28:48 UTC] PHP Fatal error:  Class 'controller\view\AddPlaylistView' not found in /home/ubuntu/workspace/project/controller/MasterController.php on line 23
[15-Oct-2015 11:28:48 UTC] PHP Stack trace:
[15-Oct-2015 11:28:48 UTC] PHP   1. {main}() /home/ubuntu/workspace/project/index.php:0
[15-Oct-2015 11:28:48 UTC] PHP   2. controller\MasterController->run() /home/ubuntu/workspace/project/index.php:9
[15-Oct-2015 11:28:51 UTC] PHP Fatal error:  Class 'view\AddPlaylistView' not found in /home/ubuntu/workspace/project/controller/MasterController.php on line 23
[15-Oct-2015 11:28:51 UTC] PHP Stack trace:
[15-Oct-2015 11:28:51 UTC] PHP   1. {main}() /home/ubuntu/workspace/project/index.php:0
[15-Oct-2015 11:28:51 UTC] PHP   2. controller\MasterController->run() /home/ubuntu/workspace/project/index.php:9
[15-Oct-2015 11:29:05 UTC] PHP Warning:  require_once(/view/AddPlaylistView.php): failed to open stream: No such file or directory in /home/ubuntu/workspace/project/controller/MasterController.php on line 7
[15-Oct-2015 11:29:05 UTC] PHP Stack trace:
[15-Oct-2015 11:29:05 UTC] PHP   1. {main}() /home/ubuntu/workspace/project/index.php:0
[15-Oct-2015 11:29:05 UTC] PHP   2. require_once() /home/ubuntu/workspace/project/index.php:3
[15-Oct-2015 11:29:05 UTC] PHP Fatal error:  require_once(): Failed opening required '/view/AddPlaylistView.php' (include_path='.:/usr/share/php:/usr/share/pear') in /home/ubuntu/workspace/project/controller/MasterController.php on line 7
[15-Oct-2015 11:29:05 UTC] PHP Stack trace:
[15-Oct-2015 11:29:05 UTC] PHP   1. {main}() /home/ubuntu/workspace/project/index.php:0
[15-Oct-2015 11:29:05 UTC] PHP   2. require_once() /home/ubuntu/workspace/project/index.php:3
[15-Oct-2015 11:29:11 UTC] PHP Warning:  require_once(../view/AddPlaylistView.php): failed to open stream: No such file or directory in /home/ubuntu/workspace/project/controller/MasterController.php on line 7
[15-Oct-2015 11:29:11 UTC] PHP Stack trace:
[15-Oct-2015 11:29:11 UTC] PHP   1. {main}() /home/ubuntu/workspace/project/index.php:0
[15-Oct-2015 11:29:11 UTC] PHP   2. require_once() /home/ubuntu/workspace/project/index.php:3
[15-Oct-2015 11:29:11 UTC] PHP Fatal error:  require_once(): Failed opening required '../view/AddPlaylistView.php' (include_path='.:/usr/share/php:/usr/share/pear') in /home/ubuntu/workspace/project/controller/MasterController.php on line 7
[15-Oct-2015 11:29:11 UTC] PHP Stack trace:
[15-Oct-2015 11:29:11 UTC] PHP   1. {main}() /home/ubuntu/workspace/project/index.php:0
[15-Oct-2015 11:29:11 UTC] PHP   2. require_once() /home/ubuntu/workspace/project/index.php:3
[15-Oct-2015 11:30:34 UTC] PHP Fatal error:  Class 'view\AddPlaylistView' not found in /home/ubuntu/workspace/project/controller/MasterController.php on line 23
[15-Oct-2015 11:30:34 UTC] PHP Stack trace:
[15-Oct-2015 11:30:34 UTC] PHP   1. {main}() /home/ubuntu/workspace/project/index.php:0
[15-Oct-2015 11:30:34 UTC] PHP   2. controller\MasterController->run() /home/ubuntu/workspace/project/index.php:9
[15-Oct-2015 11:30:50 UTC] PHP Notice:  Undefined variable: addPlaylistView in /home/ubuntu/workspace/project/controller/MasterController.php on line 25
[15-Oct-2015 11:30:50 UTC] PHP Stack trace:
[15-Oct-2015 11:30:50 UTC] PHP   1. {main}() /home/ubuntu/workspace/project/index.php:0
[15-Oct-2015 11:30:50 UTC] PHP   2. controller\MasterController->run() /home/ubuntu/workspace/project/index.php:9
[15-Oct-2015 11:30:50 UTC] PHP Fatal error:  Call to a member function playlistInputHTML() on a non-object in /home/ubuntu/workspace/project/controller/MasterController.php on line 25
[15-Oct-2015 11:30:50 UTC] PHP Stack trace:
[15-Oct-2015 11:30:50 UTC] PHP   1. {main}() /home/ubuntu/workspace/project/index.php:0
[15-Oct-2015 11:30:50 UTC] PHP   2. controller\MasterController->run() /home/ubuntu/workspace/project/index.php:9
[15-Oct-2015 11:31:22 UTC] PHP Parse error:  syntax error, unexpected '$mainView' (T_VARIABLE) in /home/ubuntu/workspace/project/controller/MasterController.php on line 27
[15-Oct-2015 11:31:22 UTC] PHP Stack trace:
[15-Oct-2015 11:31:22 UTC] PHP   1. {main}() /home/ubuntu/workspace/project/index.php:0
[15-Oct-2015 11:31:30 UTC] PHP Parse error:  syntax error, unexpected '$mainView' (T_VARIABLE) in /home/ubuntu/workspace/project/controller/MasterController.php on line 27
[15-Oct-2015 11:31:30 UTC] PHP Stack trace:
[15-Oct-2015 11:31:30 UTC] PHP   1. {main}() /home/ubuntu/workspace/project/index.php:0
[15-Oct-2015 11:31:31 UTC] PHP Parse error:  syntax error, unexpected '$mainView' (T_VARIABLE) in /home/ubuntu/workspace/project/controller/MasterController.php on line 27
[15-Oct-2015 11:31:31 UTC] PHP Stack trace:
[15-Oct-2015 11:31:31 UTC] PHP   1. {main}() /home/ubuntu/workspace/project/index.php:0
[15-Oct-2015 11:31:49 UTC] PHP Fatal error:  Class 'view\AddPlaylistView' not found in /home/ubuntu/workspace/project/controller/MasterController.php on line 23
[15-Oct-2015 11:31:49 UTC] PHP Stack trace:
[15-Oct-2015 11:31:49 UTC] PHP   1. {main}() /home/ubuntu/workspace/project/index.php:0
[15-Oct-2015 11:31:49 UTC] PHP   2. controller\MasterController->run() /home/ubuntu/workspace/project/index.php:9
[15-Oct-2015 11:53:11 UTC] PHP Fatal error:  Call to undefined function chroot() in /home/ubuntu/workspace/project/index.php on line 8
[15-Oct-2015 11:53:11 UTC] PHP Stack trace:
[15-Oct-2015 11:53:11 UTC] PHP   1. {main}() /home/ubuntu/workspace/project/index.php:0
[15-Oct-2015 11:53:14 UTC] PHP Fatal error:  Call to undefined function chroot() in /home/ubuntu/workspace/project/index.php on line 8
[15-Oct-2015 11:53:14 UTC] PHP Stack trace:
[15-Oct-2015 11:53:14 UTC] PHP   1. {main}() /home/ubuntu/workspace/project/index.php:0
[15-Oct-2015 11:53:27 UTC] PHP Fatal error:  Call to undefined function chroot() in /home/ubuntu/workspace/project/index.php on line 8
[15-Oct-2015 11:53:27 UTC] PHP Stack trace:
[15-Oct-2015 11:53:27 UTC] PHP   1. {main}() /home/ubuntu/workspace/project/index.php:0
[15-Oct-2015 11:53:31 UTC] PHP Fatal error:  Call to undefined function chroot() in /home/ubuntu/workspace/project/index.php on line 8
[15-Oct-2015 11:53:31 UTC] PHP Stack trace:
[15-Oct-2015 11:53:31 UTC] PHP   1. {main}() /home/ubuntu/workspace/project/index.php:0
[15-Oct-2015 11:53:44 UTC] PHP Fatal error:  Call to undefined function chroot() in /home/ubuntu/workspace/project/index.php on line 8
[15-Oct-2015 11:53:44 UTC] PHP Stack trace:
[15-Oct-2015 11:53:44 UTC] PHP   1. {main}() /home/ubuntu/workspace/project/index.php:0
[15-Oct-2015 14:45:24 UTC] PHP Fatal error:  Class 'controller\Playlist' not found in /home/ubuntu/workspace/project/controller/PlaylistController.php on line 13
[15-Oct-2015 14:45:24 UTC] PHP Stack trace:
[15-Oct-2015 14:45:24 UTC] PHP   1. {main}() /home/ubuntu/workspace/project/index.php:0
[15-Oct-2015 14:45:24 UTC] PHP   2. controller\MasterController->__construct() /home/ubuntu/workspace/project/index.php:8
[15-Oct-2015 14:45:24 UTC] PHP   3. controller\PlaylistController->__construct() /home/ubuntu/workspace/project/controller/MasterController.php:19
[15-Oct-2015 15:36:28 UTC] PHP Warning:  require_once(/view/PlaylistView.php): failed to open stream: No such file or directory in /home/ubuntu/workspace/project/controller/PlaylistController.php on line 5
[15-Oct-2015 15:36:28 UTC] PHP Stack trace:
[15-Oct-2015 15:36:28 UTC] PHP   1. {main}() /home/ubuntu/workspace/project/index.php:0
[15-Oct-2015 15:36:28 UTC] PHP   2. require_once() /home/ubuntu/workspace/project/index.php:3
[15-Oct-2015 15:36:28 UTC] PHP   3. require_once() /home/ubuntu/workspace/project/controller/MasterController.php:12
[15-Oct-2015 15:36:28 UTC] PHP Fatal error:  require_once(): Failed opening required '/view/PlaylistView.php' (include_path='.:/usr/share/php:/usr/share/pear') in /home/ubuntu/workspace/project/controller/PlaylistController.php on line 5
[15-Oct-2015 15:36:28 UTC] PHP Stack trace:
[15-Oct-2015 15:36:28 UTC] PHP   1. {main}() /home/ubuntu/workspace/project/index.php:0
[15-Oct-2015 15:36:28 UTC] PHP   2. require_once() /home/ubuntu/workspace/project/index.php:3
[15-Oct-2015 15:36:28 UTC] PHP   3. require_once() /home/ubuntu/workspace/project/controller/MasterController.php:12
[15-Oct-2015 15:36:43 UTC] PHP Warning:  require_once(../view/PlaylistView.php): failed to open stream: No such file or directory in /home/ubuntu/workspace/project/controller/PlaylistController.php on line 5
[15-Oct-2015 15:36:43 UTC] PHP Stack trace:
[15-Oct-2015 15:36:43 UTC] PHP   1. {main}() /home/ubuntu/workspace/project/index.php:0
[15-Oct-2015 15:36:43 UTC] PHP   2. require_once() /home/ubuntu/workspace/project/index.php:3
[15-Oct-2015 15:36:43 UTC] PHP   3. require_once() /home/ubuntu/workspace/project/controller/MasterController.php:12
[15-Oct-2015 15:36:43 UTC] PHP Fatal error:  require_once(): Failed opening required '../view/PlaylistView.php' (include_path='.:/usr/share/php:/usr/share/pear') in /home/ubuntu/workspace/project/controller/PlaylistController.php on line 5
[15-Oct-2015 15:36:43 UTC] PHP Stack trace:
[15-Oct-2015 15:36:43 UTC] PHP   1. {main}() /home/ubuntu/workspace/project/index.php:0
[15-Oct-2015 15:36:43 UTC] PHP   2. require_once() /home/ubuntu/workspace/project/index.php:3
[15-Oct-2015 15:36:43 UTC] PHP   3. require_once() /home/ubuntu/workspace/project/controller/MasterController.php:12
[15-Oct-2015 15:38:11 UTC] PHP Warning:  Missing argument 1 for view\PlaylistView::playlistViewHTML(), called in /home/ubuntu/workspace/project/controller/PlaylistController.php on line 30 and defined in /home/ubuntu/workspace/project/view/PlaylistView.php on line 8
[15-Oct-2015 15:38:11 UTC] PHP Stack trace:
[15-Oct-2015 15:38:11 UTC] PHP   1. {main}() /home/ubuntu/workspace/project/index.php:0
[15-Oct-2015 15:38:11 UTC] PHP   2. controller\MasterController->run() /home/ubuntu/workspace/project/index.php:9
[15-Oct-2015 15:38:11 UTC] PHP   3. controller\PlaylistController->playlistAction() /home/ubuntu/workspace/project/controller/MasterController.php:30
[15-Oct-2015 15:38:11 UTC] PHP   4. view\PlaylistView->playlistViewHTML() /home/ubuntu/workspace/project/controller/PlaylistController.php:30
[15-Oct-2015 15:38:11 UTC] PHP Notice:  Undefined variable: playlists in /home/ubuntu/workspace/project/view/PlaylistView.php on line 11
[15-Oct-2015 15:38:11 UTC] PHP Stack trace:
[15-Oct-2015 15:38:11 UTC] PHP   1. {main}() /home/ubuntu/workspace/project/index.php:0
[15-Oct-2015 15:38:11 UTC] PHP   2. controller\MasterController->run() /home/ubuntu/workspace/project/index.php:9
[15-Oct-2015 15:38:11 UTC] PHP   3. controller\PlaylistController->playlistAction() /home/ubuntu/workspace/project/controller/MasterController.php:30
[15-Oct-2015 15:38:11 UTC] PHP   4. view\PlaylistView->playlistViewHTML() /home/ubuntu/workspace/project/controller/PlaylistController.php:30
[15-Oct-2015 15:38:11 UTC] PHP Warning:  Invalid argument supplied for foreach() in /home/ubuntu/workspace/project/view/PlaylistView.php on line 11
[15-Oct-2015 15:38:11 UTC] PHP Stack trace:
[15-Oct-2015 15:38:11 UTC] PHP   1. {main}() /home/ubuntu/workspace/project/index.php:0
[15-Oct-2015 15:38:11 UTC] PHP   2. controller\MasterController->run() /home/ubuntu/workspace/project/index.php:9
[15-Oct-2015 15:38:11 UTC] PHP   3. controller\PlaylistController->playlistAction() /home/ubuntu/workspace/project/controller/MasterController.php:30
[15-Oct-2015 15:38:11 UTC] PHP   4. view\PlaylistView->playlistViewHTML() /home/ubuntu/workspace/project/controller/PlaylistController.php:30
[15-Oct-2015 15:38:58 UTC] PHP Catchable fatal error:  Object of class model\Playlist could not be converted to string in /home/ubuntu/workspace/project/view/PlaylistView.php on line 13
[15-Oct-2015 15:38:58 UTC] PHP Stack trace:
[15-Oct-2015 15:38:58 UTC] PHP   1. {main}() /home/ubuntu/workspace/project/index.php:0
[15-Oct-2015 15:38:58 UTC] PHP   2. controller\MasterController->run() /home/ubuntu/workspace/project/index.php:9
[15-Oct-2015 15:38:58 UTC] PHP   3. controller\PlaylistController->playlistAction() /home/ubuntu/workspace/project/controller/MasterController.php:30
[15-Oct-2015 15:38:58 UTC] PHP   4. view\PlaylistView->playlistViewHTML() /home/ubuntu/workspace/project/controller/PlaylistController.php:30
[15-Oct-2015 15:39:06 UTC] PHP Fatal error:  Call to undefined method model\Playlist::getName() in /home/ubuntu/workspace/project/view/PlaylistView.php on line 13
[15-Oct-2015 15:39:06 UTC] PHP Stack trace:
[15-Oct-2015 15:39:06 UTC] PHP   1. {main}() /home/ubuntu/workspace/project/index.php:0
[15-Oct-2015 15:39:06 UTC] PHP   2. controller\MasterController->run() /home/ubuntu/workspace/project/index.php:9
[15-Oct-2015 15:39:06 UTC] PHP   3. controller\PlaylistController->playlistAction() /home/ubuntu/workspace/project/controller/MasterController.php:30
[15-Oct-2015 15:39:06 UTC] PHP   4. view\PlaylistView->playlistViewHTML() /home/ubuntu/workspace/project/controller/PlaylistController.php:30
